<?xml version="1.0" encoding="UTF-8"?>
<!-- Generated by org.testng.reporters.JUnitReportReporter -->
<testsuite hostname="DESKTOP-UOI0DH3" failures="0" tests="4" name="helperattibutes.Priority" time="0.044" errors="0" timestamp="2025-08-20T18:55:48 IST" skipped="0">
  <testcase classname="helperattibutes.Priority" name="flipkart" time="0.017">
    <system-out>
      <![CDATA[Flipkart executed]]>
    </system-out>
  </testcase> <!-- flipkart -->
  <testcase classname="helperattibutes.Priority" name="amazon" time="0.007">
    <system-out>
      <![CDATA[Amazon execeuted]]>
    </system-out>
  </testcase> <!-- amazon -->
  <testcase classname="helperattibutes.Priority" name="bookMyShow" time="0.013">
    <system-out>
      <![CDATA[Book my show executed]]>
    </system-out>
  </testcase> <!-- bookMyShow -->
  <testcase classname="helperattibutes.Priority" name="ola" time="0.007">
    <system-out>
      <![CDATA[ola]]>
    </system-out>
  </testcase> <!-- ola -->
  <system-out>
    <![CDATA[Flipkart executed
Amazon execeuted
Book my show executed
ola]]>
  </system-out>
</testsuite> <!-- helperattibutes.Priority -->
