<?xml version="1.0" encoding="UTF-8"?>
<!-- Generated by org.testng.reporters.JUnitReportReporter -->
<testsuite hostname="DESKTOP-UOI0DH3" failures="0" tests="1" name="baseclass.BaseClassExecution" time="0.040" errors="0" timestamp="2025-08-21T20:08:32 IST" skipped="0">
  <testcase classname="baseclass.BaseClassExecution" name="TC001" time="0.040">
    <system-out>
      <![CDATA[Testcases]]>
    </system-out>
  </testcase> <!-- TC001 -->
  <system-out>
    <![CDATA[Database open
Pre condition
Launching browser
login
Testcases
logout
Closing browser
Post Condition
Database close]]>
  </system-out>
</testsuite> <!-- baseclass.BaseClassExecution -->
