<?xml version="1.0" encoding="UTF-8"?>
<!-- Generated by org.testng.reporters.JUnitReportReporter -->
<testsuite hostname="DESKTOP-UOI0DH3" failures="0" tests="3" name="helperattibutes.FacebookTestCase" time="40.452" errors="0" timestamp="2025-08-29T19:34:21 IST" skipped="0">
  <testcase classname="helperattibutes.FacebookTestCase" name="Facebook" time="9.527">
    <system-out>
      <![CDATA[execution done]]>
    </system-out>
  </testcase> <!-- Facebook -->
  <testcase classname="helperattibutes.FacebookTestCase" name="Facebook" time="11.069">
    <system-out>
      <![CDATA[execution done]]>
    </system-out>
  </testcase> <!-- Facebook -->
  <testcase classname="helperattibutes.FacebookTestCase" name="Facebook" time="19.856">
    <system-out>
      <![CDATA[execution done]]>
    </system-out>
  </testcase> <!-- Facebook -->
  <system-out>
    <![CDATA[execution done
execution done
execution done]]>
  </system-out>
</testsuite> <!-- helperattibutes.FacebookTestCase -->
