<?xml version="1.0" encoding="UTF-8"?>
<!-- Generated by org.testng.reporters.JUnitReportReporter -->
<testsuite hostname="DESKTOP-UOI0DH3" failures="0" tests="9" name="helperattibutes.DataProviderExcel" time="73.978" errors="0" timestamp="2025-08-20T20:48:13 IST" skipped="0">
  <testcase classname="helperattibutes.DataProviderExcel" name="login" time="8.051"/>
  <testcase classname="helperattibutes.DataProviderExcel" name="login" time="8.343"/>
  <testcase classname="helperattibutes.DataProviderExcel" name="login" time="8.004"/>
  <testcase classname="helperattibutes.DataProviderExcel" name="login" time="7.731"/>
  <testcase classname="helperattibutes.DataProviderExcel" name="login" time="7.712"/>
  <testcase classname="helperattibutes.DataProviderExcel" name="login" time="8.041"/>
  <testcase classname="helperattibutes.DataProviderExcel" name="login" time="7.911"/>
  <testcase classname="helperattibutes.DataProviderExcel" name="login" time="10.187"/>
  <testcase classname="helperattibutes.DataProviderExcel" name="login" time="7.998"/>
</testsuite> <!-- helperattibutes.DataProviderExcel -->
