<?xml version="1.0" encoding="UTF-8"?>
<!-- Generated by org.testng.reporters.JUnitReportReporter -->
<testsuite hostname="DESKTOP-UOI0DH3" failures="0" tests="3" name="helperattibutes.InvocationCount" time="22.938" errors="0" timestamp="2025-08-29T19:08:31 IST" skipped="0">
  <testcase classname="helperattibutes.InvocationCount" name="login" time="9.050">
    <system-out>
      <![CDATA[execution done]]>
    </system-out>
  </testcase> <!-- login -->
  <testcase classname="helperattibutes.InvocationCount" name="login" time="9.068">
    <system-out>
      <![CDATA[execution done]]>
    </system-out>
  </testcase> <!-- login -->
  <testcase classname="helperattibutes.InvocationCount" name="login" time="4.820">
    <system-out>
      <![CDATA[execution done]]>
    </system-out>
  </testcase> <!-- login -->
  <system-out>
    <![CDATA[execution done
execution done
execution done]]>
  </system-out>
</testsuite> <!-- helperattibutes.InvocationCount -->
