<?xml version="1.0" encoding="UTF-8"?>
<!-- Generated by org.testng.reporters.JUnitReportReporter -->
<testsuite hostname="DESKTOP-UOI0DH3" failures="0" tests="3" name="helperattibutes.Enabled" time="0.038" errors="0" timestamp="2025-08-20T19:14:34 IST" skipped="1">
  <testcase classname="helperattibutes.Enabled" name="a10" time="0.033">
    <system-out>
      <![CDATA[a10 executed]]>
    </system-out>
  </testcase> <!-- a10 -->
  <testcase classname="helperattibutes.Enabled" name="a11" time="0.005">
    <system-out>
      <![CDATA[a11 executed]]>
    </system-out>
  </testcase> <!-- a11 -->
  <testcase classname="helperattibutes.Enabled" name="a22">
    <skipped/>
  </testcase> <!-- a22 -->
  <system-out>
    <![CDATA[a10 executed
a11 executed]]>
  </system-out>
</testsuite> <!-- helperattibutes.Enabled -->
