<?xml version="1.0" encoding="UTF-8"?>
<!-- Generated by org.testng.reporters.JUnitReportReporter -->
<testsuite hostname="DESKTOP-UOI0DH3" failures="0" tests="1" name="testcasesnew.CreateCampaignTest" time="12.769" errors="0" timestamp="2025-09-02T19:28:34 IST" skipped="0">
  <testcase classname="testcasesnew.CreateCampaignTest" name="CreateCampaignTest" time="12.769">
    <system-out>
      <![CDATA[====CreateCampaignTestexecution Success====]]>
    </system-out>
  </testcase> <!-- CreateCampaignTest -->
  <system-out>
    <![CDATA[Report Configuration
Database Connectivity Open
====CreateCampaignTestexecution Success====]]>
  </system-out>
</testsuite> <!-- testcasesnew.CreateCampaignTest -->
