<?xml version="1.0" encoding="UTF-8"?>
<!-- Generated by org.testng.reporters.JUnitReportReporter -->
<testsuite hostname="DESKTOP-UOI0DH3" failures="0" tests="1" name="helperattibutes.HardAssertExample" time="10.210" errors="0" timestamp="2025-08-28T20:31:40 IST" skipped="0">
  <testcase classname="helperattibutes.HardAssertExample" name="demo" time="10.210"/>
</testsuite> <!-- helperattibutes.HardAssertExample -->
