<?xml version="1.0" encoding="UTF-8"?>
<!-- Generated by org.testng.reporters.JUnitReportReporter -->
<testsuite hostname="DESKTOP-UOI0DH3" failures="0" tests="3" name="helperattibutes.DependsOnMethod" time="0.026" errors="0" timestamp="2025-08-20T12:25:59 IST" skipped="0">
  <testcase classname="helperattibutes.DependsOnMethod" name="editAcc" time="0.003">
    <system-out>
      <![CDATA[edited]]>
    </system-out>
  </testcase> <!-- editAcc -->
  <testcase classname="helperattibutes.DependsOnMethod" name="createAcc" time="0.020">
    <system-out>
      <![CDATA[created]]>
    </system-out>
  </testcase> <!-- createAcc -->
  <testcase classname="helperattibutes.DependsOnMethod" name="deleteAcc" time="0.003">
    <system-out>
      <![CDATA[deleted]]>
    </system-out>
  </testcase> <!-- deleteAcc -->
  <system-out>
    <![CDATA[created
edited
deleted]]>
  </system-out>
</testsuite> <!-- helperattibutes.DependsOnMethod -->
