<?xml version="1.0" encoding="UTF-8"?>
<!-- Generated by org.testng.reporters.JUnitReportReporter -->
<testsuite hostname="DESKTOP-UOI0DH3" failures="0" tests="6" name="helperattibutes.ThreadPoolSize" time="31.902" errors="0" timestamp="2025-08-20T12:19:34 IST" skipped="0">
  <testcase classname="helperattibutes.ThreadPoolSize" name="login" time="4.694">
    <system-out>
      <![CDATA[executed]]>
    </system-out>
  </testcase> <!-- login -->
  <testcase classname="helperattibutes.ThreadPoolSize" name="login" time="5.996">
    <system-out>
      <![CDATA[executed]]>
    </system-out>
  </testcase> <!-- login -->
  <testcase classname="helperattibutes.ThreadPoolSize" name="login" time="4.752">
    <system-out>
      <![CDATA[executed]]>
    </system-out>
  </testcase> <!-- login -->
  <testcase classname="helperattibutes.ThreadPoolSize" name="login" time="4.405">
    <system-out>
      <![CDATA[executed]]>
    </system-out>
  </testcase> <!-- login -->
  <testcase classname="helperattibutes.ThreadPoolSize" name="login" time="5.996">
    <system-out>
      <![CDATA[executed]]>
    </system-out>
  </testcase> <!-- login -->
  <testcase classname="helperattibutes.ThreadPoolSize" name="login" time="6.059">
    <system-out>
      <![CDATA[executed]]>
    </system-out>
  </testcase> <!-- login -->
  <system-out>
    <![CDATA[executed
executed
executed
executed
executed
executed]]>
  </system-out>
</testsuite> <!-- helperattibutes.ThreadPoolSize -->
